[2025-03-09 16:20:54] Fetching data for game ID: 1797 (Attempt 1)
[2025-03-09 16:20:54] Successfully updated game: Pay Day (ID: 1797)
[2025-03-09 16:20:55] Fetching data for game ID: 1563 (Attempt 1)
[2025-03-09 16:20:55] Successfully updated game: Rise and Decline of the Third Reich (ID: 1563)
[2025-03-09 16:20:56] Fetching data for game ID: 1855 (Attempt 1)
[2025-03-09 16:20:57] Successfully updated game: Hedbanz for Adults! (ID: 1855)
[2025-03-09 16:20:58] Fetching data for game ID: 2272 (Attempt 1)
[2025-03-09 16:20:58] Successfully updated game: Aggravation (ID: 2272)
[2025-03-09 16:20:59] Fetching data for game ID: 2259 (Attempt 1)
[2025-03-09 16:20:59] Successfully updated game: Afrika Korps (ID: 2259)
[2025-03-09 16:21:00] Fetching data for game ID: 1899 (Attempt 1)
[2025-03-09 16:21:00] Successfully updated game: 13 Dead End Drive (ID: 1899)
[2025-03-09 16:21:01] Fetching data for game ID: 1804 (Attempt 1)
[2025-03-09 16:21:01] Successfully updated game: Inklings (ID: 1804)
[2025-03-09 16:21:02] Fetching data for game ID: 2281 (Attempt 1)
[2025-03-09 16:21:02] Successfully updated game: Pictionary (ID: 2281)
[2025-03-09 23:07:03] Fetching data for game ID: 170216 (Attempt 1)
[2025-03-09 23:07:03] Successfully updated game: Blood Rage (ID: 170216)
[2025-03-10 07:01:09] Fetching data for game ID: 262543 (Attempt 1)
[2025-03-10 07:01:09] Successfully updated game: Wavelength (ID: 262543)
[2025-03-10 07:02:35] Fetching data for game ID: 1927 (Attempt 1)
[2025-03-10 07:02:35] Successfully updated game: Munchkin (ID: 1927)
[2025-03-10 07:02:36] Fetching data for game ID: 2083 (Attempt 1)
[2025-03-10 07:02:36] Successfully updated game: Checkers (ID: 2083)
[2025-03-10 07:02:37] Fetching data for game ID: 1744 (Attempt 1)
[2025-03-10 07:02:38] Successfully updated game: Monster Mash (ID: 1744)
[2025-03-10 07:02:39] Fetching data for game ID: 2136 (Attempt 1)
[2025-03-10 07:02:39] Successfully updated game: Pachisi (ID: 2136)
[2025-03-10 07:02:40] Fetching data for game ID: 1549 (Attempt 1)
[2025-03-10 07:02:40] Successfully updated game: Password (ID: 1549)
[2025-03-10 07:02:41] Fetching data for game ID: 1748 (Attempt 1)
[2025-03-10 07:02:42] Successfully updated game: A Question of Scruples (ID: 1748)
[2025-03-10 07:02:43] Fetching data for game ID: 2428 (Attempt 1)
[2025-03-10 07:02:43] Successfully updated game: Battle-Cry (ID: 2428)
[2025-03-10 07:02:44] Fetching data for game ID: 2407 (Attempt 1)
[2025-03-10 07:02:44] Successfully updated game: Sorry! (ID: 2407)
[2025-03-10 07:02:45] Fetching data for game ID: 2318 (Attempt 1)
[2025-03-10 07:02:45] Successfully updated game: Scrabble Junior (ID: 2318)
[2025-03-10 07:02:46] Fetching data for game ID: 2444 (Attempt 1)
[2025-03-10 07:02:46] Successfully updated game: Carrier Strike! (ID: 2444)
[2025-03-10 07:02:47] Fetching data for game ID: 2448 (Attempt 1)
[2025-03-10 07:02:48] Successfully updated game: Kalah (ID: 2448)
[2025-03-10 07:02:49] Fetching data for game ID: 2392 (Attempt 1)
[2025-03-10 07:02:49] Successfully updated game: Mastermind (ID: 2392)
[2025-03-10 07:02:50] Fetching data for game ID: 4062 (Attempt 1)
[2025-03-10 07:02:50] Successfully updated game: Swap! (ID: 4062)
[2025-03-10 07:02:51] Fetching data for game ID: 4792 (Attempt 1)
[2025-03-10 07:02:51] Successfully updated game: Tiddledy Winks (ID: 4792)
[2025-03-10 07:02:52] Fetching data for game ID: 4529 (Attempt 1)
[2025-03-10 07:02:52] Successfully updated game: Hellas (ID: 4529)
[2025-03-10 07:02:53] Fetching data for game ID: 4040 (Attempt 1)
[2025-03-10 07:02:54] Successfully updated game: Tri-Ominos (ID: 4040)
[2025-03-10 07:19:04] Fetching data for game ID: 224517 (Attempt 1)
[2025-03-10 07:19:04] Failed to load XML from BGG. Retrying in 2 seconds...
[2025-03-10 07:19:06] Fetching data for game ID: 224517 (Attempt 2)
[2025-03-10 07:19:06] Successfully updated game: Brass: Birmingham (ID: 224517)
[2025-03-10 07:48:50] Fetching data for game ID: 342032 (Attempt 1)
[2025-03-10 07:48:50] Successfully updated game: Wild Tiled West (ID: 342032)
[2025-03-10 08:24:14] Fetching data for game ID: 342032 (Attempt 1)
[2025-03-10 08:24:14] Successfully updated game: Wild Tiled West (ID: 342032)
[2025-03-10 08:24:37] Fetching data for game ID: 9761 (Attempt 1)
[2025-03-10 08:24:37] Successfully updated game: Where the Wild Things Are Puzzle Maze Game (ID: 9761)
[2025-03-10 08:29:09] Fetching data for game ID: 342032 (Attempt 1)
[2025-03-10 08:29:09] Successfully updated game: Wild Tiled West (ID: 342032)
[2025-03-21 07:59:37] Fetching data for game ID: 328413 (Attempt 1)
[2025-03-21 07:59:38] Successfully updated game: Darwins Journey: Collectors Edition (ID: 328413)
